<?xml version="1.0" encoding="UTF-8"?>
<!-- Generated by org.testng.reporters.JUnitReportReporter -->
<testsuite hostname="LAPTOP-AJDSTEKP" failures="0" tests="13" name="com.org.qa.weconsilium.testcase.ItinerariePageTest" time="97.021" errors="0" timestamp="2021-11-16T01:11:45 NPT" skipped="0">
  <testcase classname="com.org.qa.weconsilium.testcase.ItinerariePageTest" name="LoginToApplicationTest" time="7.363"/>
  <system-out/>
  <testcase classname="com.org.qa.weconsilium.testcase.ItinerariePageTest" name="ClickItineryButtonTest" time="12.026"/>
  <system-out/>
  <testcase classname="com.org.qa.weconsilium.testcase.ItinerariePageTest" name="NavigateToChooseDetailTab" time="8.162"/>
  <system-out/>
  <testcase classname="com.org.qa.weconsilium.testcase.ItinerariePageTest" name="StartDate" time="5.615"/>
  <system-out/>
  <testcase classname="com.org.qa.weconsilium.testcase.ItinerariePageTest" name="UploadThImage" time="11.466"/>
  <system-out/>
  <testcase classname="com.org.qa.weconsilium.testcase.ItinerariePageTest" name="NavigateToDetails" time="8.227"/>
  <system-out/>
  <testcase classname="com.org.qa.weconsilium.testcase.ItinerariePageTest" name="NavigateToBMSTeam" time="3.074"/>
  <system-out/>
  <testcase classname="com.org.qa.weconsilium.testcase.ItinerariePageTest" name="NavigateBMSDropDown" time="8.223"/>
  <system-out/>
  <testcase classname="com.org.qa.weconsilium.testcase.ItinerariePageTest" name="NavigateToGuestproducer" time="8.222"/>
  <system-out/>
  <testcase classname="com.org.qa.weconsilium.testcase.ItinerariePageTest" name="NavigateToGuestProducerName" time="11.251"/>
  <system-out/>
  <testcase classname="com.org.qa.weconsilium.testcase.ItinerariePageTest" name="NavigateGuestInsuredTab" time="8.209"/>
  <system-out/>
  <testcase classname="com.org.qa.weconsilium.testcase.ItinerariePageTest" name="NavigateGuestName" time="5.115"/>
  <system-out/>
  <testcase classname="com.org.qa.weconsilium.testcase.ItinerariePageTest" name="ClickSaveButton" time="0.068"/>
  <system-out/>
</testsuite> <!-- com.org.qa.weconsilium.testcase.ItinerariePageTest -->
