<?xml version="1.0" encoding="UTF-8"?>
<!-- Generated by org.testng.reporters.JUnitReportReporter -->
<testsuite hostname="LAPTOP-AJDSTEKP" failures="0" tests="5" name="com.org.qa.weconsilium.testcase.ItinerariesListPageTest" time="42.432" errors="0" timestamp="2021-11-16T01:21:59 NPT" skipped="0">
  <testcase classname="com.org.qa.weconsilium.testcase.ItinerariesListPageTest" name="LoginToApplication" time="7.336"/>
  <system-out/>
  <testcase classname="com.org.qa.weconsilium.testcase.ItinerariesListPageTest" name="CheckCancelButton" time="13.437"/>
  <system-out/>
  <testcase classname="com.org.qa.weconsilium.testcase.ItinerariesListPageTest" name="clickEditButton" time="10.113"/>
  <system-out/>
  <testcase classname="com.org.qa.weconsilium.testcase.ItinerariesListPageTest" name="ClickDeteleButton" time="5.091"/>
  <system-out/>
  <testcase classname="com.org.qa.weconsilium.testcase.ItinerariesListPageTest" name="SwithToAlert" time="6.455"/>
  <system-out/>
</testsuite> <!-- com.org.qa.weconsilium.testcase.ItinerariesListPageTest -->
