<?xml version="1.0" encoding="UTF-8"?>
<!-- Generated by org.testng.reporters.JUnitReportReporter -->
<testsuite hostname="LAPTOP-AJDSTEKP" failures="0" tests="6" name="com.org.qa.weconsilium.testcase.LoginPageTest" time="38.378" errors="0" timestamp="2021-11-16T00:17:09 NPT" skipped="0">
  <testcase classname="com.org.qa.weconsilium.testcase.LoginPageTest" name="ValidateThetitleOfPage" time="5.028"/>
  <system-out/>
  <testcase classname="com.org.qa.weconsilium.testcase.LoginPageTest" name="ClickLoginButtonTest" time="5.087"/>
  <system-out/>
  <testcase classname="com.org.qa.weconsilium.testcase.LoginPageTest" name="ValidateEmailAlertTest" time="5.038"/>
  <system-out/>
  <testcase classname="com.org.qa.weconsilium.testcase.LoginPageTest" name="ValidatePasswordText" time="5.046"/>
  <system-out/>
  <testcase classname="com.org.qa.weconsilium.testcase.LoginPageTest" name="LoginToApplication" time="7.404"/>
  <system-out/>
  <testcase classname="com.org.qa.weconsilium.testcase.LoginPageTest" name="LogOutFromTheApplication" time="10.775"/>
  <system-out/>
</testsuite> <!-- com.org.qa.weconsilium.testcase.LoginPageTest -->
